<?xml version="1.0" encoding="UTF-8"?>
<testsuite name="Tests" tests="12" skipped="0" failures="0" errors="0" timestamp="2024-06-17T17:22:06" hostname="DESKTOP-4A4I49S" time="49.002">
  <properties/>
  <testcase name="testEmptyEmailDataEntry()" classname="Tests" time="5.134"/>
  <testcase name="testEmptyEmailLogin()" classname="Tests" time="3.362"/>
  <testcase name="testEmptyNameDataEntry()" classname="Tests" time="4.396"/>
  <testcase name="testEmptyPasswordLogin()" classname="Tests" time="3.59"/>
  <testcase name="testInvalidEmailFormatDataEntry()" classname="Tests" time="4.01"/>
  <testcase name="testInvalidEmailFormatLogin()" classname="Tests" time="3.555"/>
  <testcase name="testInvalidEmailLogin()" classname="Tests" time="3.739"/>
  <testcase name="testInvalidPasswordLogin()" classname="Tests" time="3.843"/>
  <testcase name="testMultipleChoices()" classname="Tests" time="4.78"/>
  <testcase name="testOptionalFields()" classname="Tests" time="4.321"/>
  <testcase name="testSuccessfulDataEntry()" classname="Tests" time="4.764"/>
  <testcase name="testSuccessfulLogin()" classname="Tests" time="3.477"/>
  <system-out><![CDATA[]]></system-out>
  <system-err><![CDATA[Starting ChromeDriver 126.0.6478.61 (8dc092df54ce9b93406cb7fec530eb297bc0b332-refs/branch-heads/6478_56@{#3}) on port 17638
Only local connections are allowed.
Please see https://chromedriver.chromium.org/security-considerations for suggestions on keeping ChromeDriver safe.
ChromeDriver was started successfully.
Starting ChromeDriver 126.0.6478.61 (8dc092df54ce9b93406cb7fec530eb297bc0b332-refs/branch-heads/6478_56@{#3}) on port 16968
Only local connections are allowed.
Please see https://chromedriver.chromium.org/security-considerations for suggestions on keeping ChromeDriver safe.
ChromeDriver was started successfully.
Starting ChromeDriver 126.0.6478.61 (8dc092df54ce9b93406cb7fec530eb297bc0b332-refs/branch-heads/6478_56@{#3}) on port 47326
Only local connections are allowed.
Please see https://chromedriver.chromium.org/security-considerations for suggestions on keeping ChromeDriver safe.
ChromeDriver was started successfully.
Starting ChromeDriver 126.0.6478.61 (8dc092df54ce9b93406cb7fec530eb297bc0b332-refs/branch-heads/6478_56@{#3}) on port 51286
Only local connections are allowed.
Please see https://chromedriver.chromium.org/security-considerations for suggestions on keeping ChromeDriver safe.
ChromeDriver was started successfully.
Starting ChromeDriver 126.0.6478.61 (8dc092df54ce9b93406cb7fec530eb297bc0b332-refs/branch-heads/6478_56@{#3}) on port 62757
Only local connections are allowed.
Please see https://chromedriver.chromium.org/security-considerations for suggestions on keeping ChromeDriver safe.
ChromeDriver was started successfully.
[1718644947.128][SEVERE]: Unable to receive message from renderer
Starting ChromeDriver 126.0.6478.61 (8dc092df54ce9b93406cb7fec530eb297bc0b332-refs/branch-heads/6478_56@{#3}) on port 33774
Only local connections are allowed.
Please see https://chromedriver.chromium.org/security-considerations for suggestions on keeping ChromeDriver safe.
ChromeDriver was started successfully.
[1718644950.693][SEVERE]: Unable to receive message from renderer
Starting ChromeDriver 126.0.6478.61 (8dc092df54ce9b93406cb7fec530eb297bc0b332-refs/branch-heads/6478_56@{#3}) on port 39073
Only local connections are allowed.
Please see https://chromedriver.chromium.org/security-considerations for suggestions on keeping ChromeDriver safe.
ChromeDriver was started successfully.
[1718644954.393][SEVERE]: Unable to receive message from renderer
Starting ChromeDriver 126.0.6478.61 (8dc092df54ce9b93406cb7fec530eb297bc0b332-refs/branch-heads/6478_56@{#3}) on port 15653
Only local connections are allowed.
Please see https://chromedriver.chromium.org/security-considerations for suggestions on keeping ChromeDriver safe.
ChromeDriver was started successfully.
[1718644958.171][SEVERE]: Unable to receive message from renderer
Starting ChromeDriver 126.0.6478.61 (8dc092df54ce9b93406cb7fec530eb297bc0b332-refs/branch-heads/6478_56@{#3}) on port 58778
Only local connections are allowed.
Please see https://chromedriver.chromium.org/security-considerations for suggestions on keeping ChromeDriver safe.
ChromeDriver was started successfully.
Starting ChromeDriver 126.0.6478.61 (8dc092df54ce9b93406cb7fec530eb297bc0b332-refs/branch-heads/6478_56@{#3}) on port 43300
Only local connections are allowed.
Please see https://chromedriver.chromium.org/security-considerations for suggestions on keeping ChromeDriver safe.
ChromeDriver was started successfully.
Starting ChromeDriver 126.0.6478.61 (8dc092df54ce9b93406cb7fec530eb297bc0b332-refs/branch-heads/6478_56@{#3}) on port 62647
Only local connections are allowed.
Please see https://chromedriver.chromium.org/security-considerations for suggestions on keeping ChromeDriver safe.
ChromeDriver was started successfully.
[1718644972.112][SEVERE]: Unable to receive message from renderer
Starting ChromeDriver 126.0.6478.61 (8dc092df54ce9b93406cb7fec530eb297bc0b332-refs/branch-heads/6478_56@{#3}) on port 17032
Only local connections are allowed.
Please see https://chromedriver.chromium.org/security-considerations for suggestions on keeping ChromeDriver safe.
ChromeDriver was started successfully.
]]></system-err>
</testsuite>
